#
# There is insufficient memory for the Java Runtime Environment to continue.
# Native memory allocation (malloc) failed to allocate 1048576 bytes for AllocateHeap
# Possible reasons:
#   The system is out of physical RAM or swap space
#   The process is running with CompressedOops enabled, and the Java Heap may be blocking the growth of the native heap
# Possible solutions:
#   Reduce memory load on the system
#   Increase physical memory or swap space
#   Check if swap backing store is full
#   Decrease Java heap size (-Xmx/-Xms)
#   Decrease number of Java threads
#   Decrease Java thread stack sizes (-Xss)
#   Set larger code cache with -XX:ReservedCodeCacheSize=
#   JVM is running with Unscaled Compressed Oops mode in which the Java heap is
#     placed in the first 4GB address space. The Java Heap base address is the
#     maximum limit for the native heap growth. Please use -XX:HeapBaseMinAddress
#     to set the Java Heap base and to place the Java Heap above 4GB virtual address.
# This output file may be truncated or incomplete.
#
#  Out of Memory Error (allocation.cpp:44), pid=7908, tid=5692
#
# JRE version: OpenJDK Runtime Environment Temurin-17.0.8.1+1 (17.0.8.1+1) (build 17.0.8.1+1)
# Java VM: OpenJDK 64-Bit Server VM Temurin-17.0.8.1+1 (17.0.8.1+1, mixed mode, emulated-client, tiered, compressed oops, compressed class ptrs, g1 gc, windows-amd64)
# No core dump will be written. Minidumps are not enabled by default on client versions of Windows
#

---------------  S U M M A R Y ------------

Command Line: -XX:+HeapDumpOnOutOfMemoryError -Xmx1024m -Dsts.lsp.client=vscode -Dsts.log.file=/dev/null -XX:TieredStopAtLevel=1 -Xlog:jni+resolve=off -Dspring.config.location=file:c:\Users\Niltera05\.vscode\extensions\vmware.vscode-spring-boot-1.49.0\language-server\BOOT-INF\classes\application.properties org.springframework.ide.vscode.boot.app.BootLanguageServerBootApp

Host: Intel(R) Core(TM) i3-6100U CPU @ 2.30GHz, 4 cores, 3G,  Windows 10 , 64 bit Build 19041 (10.0.19041.3393)
Time: Mon Oct 16 16:36:22 2023 Hora oficial do Brasil elapsed time: 9036.181160 seconds (0d 2h 30m 36s)

---------------  T H R E A D  ---------------

Current thread (0x000002caf4c6f2e0):  VMThread "VM Thread" [stack: 0x000000d576000000,0x000000d576100000] [id=5692]

Stack: [0x000000d576000000,0x000000d576100000]
Native frames: (J=compiled Java code, j=interpreted, Vv=VM code, C=native code)
V  [jvm.dll+0x678b0a]
V  [jvm.dll+0x835e84]
V  [jvm.dll+0x83762e]
V  [jvm.dll+0x837c93]
V  [jvm.dll+0x24746f]
V  [jvm.dll+0xa697b]
V  [jvm.dll+0x2f7eb3]
V  [jvm.dll+0x2f3b80]
V  [jvm.dll+0x2dc1c7]
V  [jvm.dll+0x31f227]
V  [jvm.dll+0x83c15b]
V  [jvm.dll+0x83ce94]
V  [jvm.dll+0x83d3ac]
V  [jvm.dll+0x83d784]
V  [jvm.dll+0x83d850]
V  [jvm.dll+0x7e64ca]
V  [jvm.dll+0x677955]
C  [ucrtbase.dll+0x21bb2]
C  [KERNEL32.DLL+0x17344]
C  [ntdll.dll+0x526b1]

VM_Operation (0x000000d5772fe8d0): G1CollectFull, mode: safepoint, requested by thread 0x000002caf9fa3380


---------------  P R O C E S S  ---------------

Threads class SMR info:
_java_thread_list=0x000002cafa904c10, length=23, elements={
0x000002caf4cc2750, 0x000002caf4cc32e0, 0x000002caf4cef700, 0x000002caf4cf0290,
0x000002caf4cf1b70, 0x000002caf4cf4450, 0x000002caf4cf4dd0, 0x000002caf4d18a20,
0x000002caf91c21b0, 0x000002caf91cd2b0, 0x000002caf9a1e060, 0x000002caf9fa3380,
0x000002cafa585420, 0x000002caea796620, 0x000002cafa4aead0, 0x000002caf9172b40,
0x000002cafa6a54d0, 0x000002cafa6a45a0, 0x000002cafa6a6400, 0x000002cafa6a4fc0,
0x000002cafa6a5ef0, 0x000002cafa6a6910, 0x000002cafa6a4090
}

Java Threads: ( => current thread )
  0x000002caf4cc2750 JavaThread "Reference Handler" daemon [_thread_blocked, id=10976, stack(0x000000d576100000,0x000000d576200000)]
  0x000002caf4cc32e0 JavaThread "Finalizer" daemon [_thread_blocked, id=11132, stack(0x000000d576200000,0x000000d576300000)]
  0x000002caf4cef700 JavaThread "Signal Dispatcher" daemon [_thread_blocked, id=11224, stack(0x000000d576300000,0x000000d576400000)]
  0x000002caf4cf0290 JavaThread "Attach Listener" daemon [_thread_blocked, id=7324, stack(0x000000d576400000,0x000000d576500000)]
  0x000002caf4cf1b70 JavaThread "Service Thread" daemon [_thread_blocked, id=8956, stack(0x000000d576500000,0x000000d576600000)]
  0x000002caf4cf4450 JavaThread "Monitor Deflation Thread" daemon [_thread_blocked, id=2888, stack(0x000000d576600000,0x000000d576700000)]
  0x000002caf4cf4dd0 JavaThread "C1 CompilerThread0" daemon [_thread_blocked, id=8796, stack(0x000000d576700000,0x000000d576800000)]
  0x000002caf4d18a20 JavaThread "Sweeper thread" daemon [_thread_blocked, id=10284, stack(0x000000d576800000,0x000000d576900000)]
  0x000002caf91c21b0 JavaThread "Notification Thread" daemon [_thread_blocked, id=3648, stack(0x000000d576900000,0x000000d576a00000)]
  0x000002caf91cd2b0 JavaThread "Common-Cleaner" daemon [_thread_blocked, id=2336, stack(0x000000d576b00000,0x000000d576c00000)]
  0x000002caf9a1e060 JavaThread "boundedElastic-evictor-1" daemon [_thread_blocked, id=10692, stack(0x000000d577000000,0x000000d577100000)]
  0x000002caf9fa3380 JavaThread "pool-11-thread-1" [_thread_blocked, id=6496, stack(0x000000d577200000,0x000000d577300000)]
  0x000002cafa585420 JavaThread "LanguageServerApp-lifecycle" [_thread_blocked, id=3680, stack(0x000000d577300000,0x000000d577400000)]
  0x000002caea796620 JavaThread "DestroyJavaVM" [_thread_blocked, id=5844, stack(0x000000d575a00000,0x000000d575b00000)]
  0x000002cafa4aead0 JavaThread "pool-12-thread-1" [_thread_in_native, id=192, stack(0x000000d577400000,0x000000d577500000)]
  0x000002caf9172b40 JavaThread "Simple-Language-Server main thread" daemon [_thread_blocked, id=1012, stack(0x000000d577500000,0x000000d577600000)]
  0x000002cafa6a54d0 JavaThread "pool-7-thread-1" [_thread_blocked, id=9896, stack(0x000000d577900000,0x000000d577a00000)]
  0x000002cafa6a45a0 JavaThread "parallel-1" daemon [_thread_blocked, id=10432, stack(0x000000d577a00000,0x000000d577b00000)]
  0x000002cafa6a6400 JavaThread "parallel-2" daemon [_thread_blocked, id=6512, stack(0x000000d577d00000,0x000000d577e00000)]
  0x000002cafa6a4fc0 JavaThread "pool-5-thread-1" [_thread_blocked, id=10300, stack(0x000000d577e00000,0x000000d577f00000)]
  0x000002cafa6a5ef0 JavaThread "parallel-3" daemon [_thread_blocked, id=2428, stack(0x000000d577f00000,0x000000d578000000)]
  0x000002cafa6a6910 JavaThread "parallel-4" daemon [_thread_blocked, id=2224, stack(0x000000d578000000,0x000000d578100000)]
  0x000002cafa6a4090 JavaThread "Reconciler-1" daemon [_thread_blocked, id=4872, stack(0x000000d578200000,0x000000d578300000)]

Other Threads:
=>0x000002caf4c6f2e0 VMThread "VM Thread" [stack: 0x000000d576000000,0x000000d576100000] [id=5692]
  0x000002caf91c2690 WatcherThread [stack: 0x000000d576a00000,0x000000d576b00000] [id=8004]
  0x000002caea7d3cb0 GCTaskThread "GC Thread#0" [stack: 0x000000d575b00000,0x000000d575c00000] [id=8464]
  0x000002caf98aae10 GCTaskThread "GC Thread#1" [stack: 0x000000d576d00000,0x000000d576e00000] [id=9264]
  0x000002caf98c6250 GCTaskThread "GC Thread#2" [stack: 0x000000d576e00000,0x000000d576f00000] [id=5684]
  0x000002caf9ab97d0 GCTaskThread "GC Thread#3" [stack: 0x000000d576f00000,0x000000d577000000] [id=11076]
  0x000002caea7dca10 ConcurrentGCThread "G1 Main Marker" [stack: 0x000000d575c00000,0x000000d575d00000] [id=6664]
  0x000002caea7dd230 ConcurrentGCThread "G1 Conc#0" [stack: 0x000000d575d00000,0x000000d575e00000] [id=10340]
  0x000002caea82a250 ConcurrentGCThread "G1 Refine#0" [stack: 0x000000d575e00000,0x000000d575f00000] [id=10356]
  0x000002caea82aa90 ConcurrentGCThread "G1 Service" [stack: 0x000000d575f00000,0x000000d576000000] [id=5328]

Threads with active compile tasks:

VM state: at safepoint (normal execution)

VM Mutex/Monitor currently owned by a thread:  ([mutex/lock_event])
[0x000002cae86ac140] Threads_lock - owner thread: 0x000002caf4c6f2e0
[0x000002caea793620] Heap_lock - owner thread: 0x000002caf9fa3380

Heap address: 0x00000000c0000000, size: 1024 MB, Compressed Oops mode: 32-bit

CDS archive(s) not mapped
Compressed class space mapped at: 0x0000000100000000-0x0000000140000000, reserved size: 1073741824
Narrow klass base: 0x0000000000000000, Narrow klass shift: 3, Narrow klass range: 0x140000000

GC Precious Log:
 CPUs: 4 total, 4 available
 Memory: 3976M
 Large Page Support: Disabled
 NUMA Support: Disabled
 Compressed Oops: Enabled (32-bit)
 Heap Region Size: 1M
 Heap Min Capacity: 8M
 Heap Initial Capacity: 64M
 Heap Max Capacity: 1G
 Pre-touch: Disabled
 Parallel Workers: 4
 Concurrent Workers: 1
 Concurrent Refinement Workers: 4
 Periodic GC: Disabled

Heap:
 garbage-first heap   total 91136K, used 29934K [0x00000000c0000000, 0x0000000100000000)
  region size 1024K, 1 young (1024K), 0 survivors (0K)
 Metaspace       used 55501K, committed 56192K, reserved 1114112K
  class space    used 7056K, committed 7296K, reserved 1048576K

Heap Regions: E=young(eden), S=young(survivor), O=old, HS=humongous(starts), HC=humongous(continues), CS=collection set, F=free, OA=open archive, CA=closed archive, TAMS=top-at-mark-start (previous, next)
|   0|0x00000000c0000000, 0x00000000c0100000, 0x00000000c0100000|100%| O|  |TAMS 0x00000000c0100000, 0x00000000c0000000| Untracked 
|   1|0x00000000c0100000, 0x00000000c0200000, 0x00000000c0200000|100%| O|  |TAMS 0x00000000c0200000, 0x00000000c0100000| Untracked 
|   2|0x00000000c0200000, 0x00000000c0300000, 0x00000000c0300000|100%| O|  |TAMS 0x00000000c0300000, 0x00000000c0200000| Untracked 
|   3|0x00000000c0300000, 0x00000000c0400000, 0x00000000c0400000|100%| O|  |TAMS 0x00000000c0400000, 0x00000000c0300000| Untracked 
|   4|0x00000000c0400000, 0x00000000c04ffff8, 0x00000000c0500000| 99%| O|  |TAMS 0x00000000c04ffff8, 0x00000000c0400000| Untracked 
|   5|0x00000000c0500000, 0x00000000c0600000, 0x00000000c0600000|100%| O|  |TAMS 0x00000000c0600000, 0x00000000c0500000| Untracked 
|   6|0x00000000c0600000, 0x00000000c0700000, 0x00000000c0700000|100%| O|  |TAMS 0x00000000c0700000, 0x00000000c0600000| Untracked 
|   7|0x00000000c0700000, 0x00000000c0800000, 0x00000000c0800000|100%| O|  |TAMS 0x00000000c0800000, 0x00000000c0700000| Untracked 
|   8|0x00000000c0800000, 0x00000000c08ffff8, 0x00000000c0900000| 99%| O|  |TAMS 0x00000000c08ffff8, 0x00000000c0800000| Untracked 
|   9|0x00000000c0900000, 0x00000000c09ffff8, 0x00000000c0a00000| 99%| O|  |TAMS 0x00000000c09ffff8, 0x00000000c0900000| Untracked 
|  10|0x00000000c0a00000, 0x00000000c0afff80, 0x00000000c0b00000| 99%| O|  |TAMS 0x00000000c0afff80, 0x00000000c0a00000| Untracked 
|  11|0x00000000c0b00000, 0x00000000c0bfffe8, 0x00000000c0c00000| 99%| O|  |TAMS 0x00000000c0bfffe8, 0x00000000c0b00000| Untracked 
|  12|0x00000000c0c00000, 0x00000000c0cfe108, 0x00000000c0d00000| 99%| O|  |TAMS 0x00000000c0cfe108, 0x00000000c0c00000| Untracked 
|  13|0x00000000c0d00000, 0x00000000c0dffff8, 0x00000000c0e00000| 99%| O|  |TAMS 0x00000000c0dffff8, 0x00000000c0d00000| Untracked 
|  14|0x00000000c0e00000, 0x00000000c0f00000, 0x00000000c0f00000|100%| O|  |TAMS 0x00000000c0f00000, 0x00000000c0e00000| Untracked 
|  15|0x00000000c0f00000, 0x00000000c0fffff8, 0x00000000c1000000| 99%| O|  |TAMS 0x00000000c0fffff8, 0x00000000c0f00000| Untracked 
|  16|0x00000000c1000000, 0x00000000c10ffff0, 0x00000000c1100000| 99%| O|  |TAMS 0x00000000c10ffff0, 0x00000000c1000000| Untracked 
|  17|0x00000000c1100000, 0x00000000c11ffff0, 0x00000000c1200000| 99%| O|  |TAMS 0x00000000c11ffff0, 0x00000000c1100000| Untracked 
|  18|0x00000000c1200000, 0x00000000c12fffc8, 0x00000000c1300000| 99%| O|  |TAMS 0x00000000c12fffc8, 0x00000000c1200000| Untracked 
|  19|0x00000000c1300000, 0x00000000c13ffff8, 0x00000000c1400000| 99%| O|  |TAMS 0x00000000c13ffff8, 0x00000000c1300000| Untracked 
|  20|0x00000000c1400000, 0x00000000c1500000, 0x00000000c1500000|100%| O|  |TAMS 0x00000000c1500000, 0x00000000c1400000| Untracked 
|  21|0x00000000c1500000, 0x00000000c15ff7e0, 0x00000000c1600000| 99%| O|  |TAMS 0x00000000c15ff7e0, 0x00000000c1500000| Untracked 
|  22|0x00000000c1600000, 0x00000000c1700000, 0x00000000c1700000|100%|HS|  |TAMS 0x00000000c1700000, 0x00000000c1600000| Untracked 
|  23|0x00000000c1700000, 0x00000000c1800000, 0x00000000c1800000|100%| O|  |TAMS 0x00000000c1800000, 0x00000000c1700000| Untracked 
|  24|0x00000000c1800000, 0x00000000c18ffda8, 0x00000000c1900000| 99%| O|  |TAMS 0x00000000c18ffda8, 0x00000000c1800000| Untracked 
|  25|0x00000000c1900000, 0x00000000c19fe430, 0x00000000c1a00000| 99%| O|  |TAMS 0x00000000c19fe430, 0x00000000c1900000| Untracked 
|  26|0x00000000c1a00000, 0x00000000c1af8610, 0x00000000c1b00000| 97%| O|  |TAMS 0x00000000c1af8610, 0x00000000c1a00000| Untracked 
|  27|0x00000000c1b00000, 0x00000000c1bfd468, 0x00000000c1c00000| 98%| O|  |TAMS 0x00000000c1bfd468, 0x00000000c1b00000| Untracked 
|  28|0x00000000c1c00000, 0x00000000c1c4a480, 0x00000000c1d00000| 29%| O|  |TAMS 0x00000000c1c00000, 0x00000000c1c00000| Untracked 
|  29|0x00000000c1d00000, 0x00000000c1dffff8, 0x00000000c1e00000| 99%| O|  |TAMS 0x00000000c1dffff8, 0x00000000c1d00000| Untracked 
|  30|0x00000000c1e00000, 0x00000000c1e00068, 0x00000000c1f00000|  0%| O|  |TAMS 0x00000000c1e00000, 0x00000000c1e00000| Untracked 
|  31|0x00000000c1f00000, 0x00000000c1f00000, 0x00000000c2000000|  0%| F|  |TAMS 0x00000000c1f00000, 0x00000000c1f00000| Untracked 
|  32|0x00000000c2000000, 0x00000000c2000000, 0x00000000c2100000|  0%| F|  |TAMS 0x00000000c2000000, 0x00000000c2000000| Untracked 
|  33|0x00000000c2100000, 0x00000000c2100000, 0x00000000c2200000|  0%| F|  |TAMS 0x00000000c2100000, 0x00000000c2100000| Untracked 
|  34|0x00000000c2200000, 0x00000000c2200000, 0x00000000c2300000|  0%| F|  |TAMS 0x00000000c2200000, 0x00000000c2200000| Untracked 
|  35|0x00000000c2300000, 0x00000000c2300000, 0x00000000c2400000|  0%| F|  |TAMS 0x00000000c2300000, 0x00000000c2300000| Untracked 
|  36|0x00000000c2400000, 0x00000000c2400000, 0x00000000c2500000|  0%| F|  |TAMS 0x00000000c2400000, 0x00000000c2400000| Untracked 
|  37|0x00000000c2500000, 0x00000000c2500000, 0x00000000c2600000|  0%| F|  |TAMS 0x00000000c2500000, 0x00000000c2500000| Untracked 
|  38|0x00000000c2600000, 0x00000000c2600000, 0x00000000c2700000|  0%| F|  |TAMS 0x00000000c2600000, 0x00000000c2600000| Untracked 
|  39|0x00000000c2700000, 0x00000000c2700000, 0x00000000c2800000|  0%| F|  |TAMS 0x00000000c2700000, 0x00000000c2700000| Untracked 
|  40|0x00000000c2800000, 0x00000000c2800000, 0x00000000c2900000|  0%| F|  |TAMS 0x00000000c2800000, 0x00000000c2800000| Untracked 
|  41|0x00000000c2900000, 0x00000000c2900000, 0x00000000c2a00000|  0%| F|  |TAMS 0x00000000c2900000, 0x00000000c2900000| Untracked 
|  42|0x00000000c2a00000, 0x00000000c2a00000, 0x00000000c2b00000|  0%| F|  |TAMS 0x00000000c2a00000, 0x00000000c2a00000| Untracked 
|  43|0x00000000c2b00000, 0x00000000c2b00000, 0x00000000c2c00000|  0%| F|  |TAMS 0x00000000c2b00000, 0x00000000c2b00000| Untracked 
|  44|0x00000000c2c00000, 0x00000000c2c00000, 0x00000000c2d00000|  0%| F|  |TAMS 0x00000000c2c00000, 0x00000000c2c00000| Untracked 
|  45|0x00000000c2d00000, 0x00000000c2d00000, 0x00000000c2e00000|  0%| F|  |TAMS 0x00000000c2d00000, 0x00000000c2d00000| Untracked 
|  46|0x00000000c2e00000, 0x00000000c2e00000, 0x00000000c2f00000|  0%| F|  |TAMS 0x00000000c2e00000, 0x00000000c2e00000| Untracked 
|  47|0x00000000c2f00000, 0x00000000c2f00000, 0x00000000c3000000|  0%| F|  |TAMS 0x00000000c2f00000, 0x00000000c2f00000| Untracked 
|  48|0x00000000c3000000, 0x00000000c3000000, 0x00000000c3100000|  0%| F|  |TAMS 0x00000000c3000000, 0x00000000c3000000| Untracked 
|  49|0x00000000c3100000, 0x00000000c3100000, 0x00000000c3200000|  0%| F|  |TAMS 0x00000000c3100000, 0x00000000c3100000| Untracked 
|  50|0x00000000c3200000, 0x00000000c3200000, 0x00000000c3300000|  0%| F|  |TAMS 0x00000000c3200000, 0x00000000c3200000| Untracked 
|  51|0x00000000c3300000, 0x00000000c3300000, 0x00000000c3400000|  0%| F|  |TAMS 0x00000000c3300000, 0x00000000c3300000| Untracked 
|  52|0x00000000c3400000, 0x00000000c3400000, 0x00000000c3500000|  0%| F|  |TAMS 0x00000000c3400000, 0x00000000c3400000| Untracked 
|  53|0x00000000c3500000, 0x00000000c3500000, 0x00000000c3600000|  0%| F|  |TAMS 0x00000000c3500000, 0x00000000c3500000| Untracked 
|  54|0x00000000c3600000, 0x00000000c3600000, 0x00000000c3700000|  0%| F|  |TAMS 0x00000000c3600000, 0x00000000c3600000| Untracked 
|  55|0x00000000c3700000, 0x00000000c3700000, 0x00000000c3800000|  0%| F|  |TAMS 0x00000000c3700000, 0x00000000c3700000| Untracked 
|  56|0x00000000c3800000, 0x00000000c3800000, 0x00000000c3900000|  0%| F|  |TAMS 0x00000000c3800000, 0x00000000c3800000| Untracked 
|  57|0x00000000c3900000, 0x00000000c3900000, 0x00000000c3a00000|  0%| F|  |TAMS 0x00000000c3900000, 0x00000000c3900000| Untracked 
|  58|0x00000000c3a00000, 0x00000000c3a00000, 0x00000000c3b00000|  0%| F|  |TAMS 0x00000000c3a00000, 0x00000000c3a00000| Untracked 
|  59|0x00000000c3b00000, 0x00000000c3b00000, 0x00000000c3c00000|  0%| F|  |TAMS 0x00000000c3b00000, 0x00000000c3b00000| Untracked 
|  60|0x00000000c3c00000, 0x00000000c3c00000, 0x00000000c3d00000|  0%| F|  |TAMS 0x00000000c3c00000, 0x00000000c3c00000| Untracked 
|  61|0x00000000c3d00000, 0x00000000c3d00000, 0x00000000c3e00000|  0%| F|  |TAMS 0x00000000c3d00000, 0x00000000c3d00000| Untracked 
|  62|0x00000000c3e00000, 0x00000000c3e00000, 0x00000000c3f00000|  0%| F|  |TAMS 0x00000000c3e00000, 0x00000000c3e00000| Untracked 
|  63|0x00000000c3f00000, 0x00000000c3f00000, 0x00000000c4000000|  0%| F|  |TAMS 0x00000000c3f00000, 0x00000000c3f00000| Untracked 
|  64|0x00000000c4000000, 0x00000000c4000000, 0x00000000c4100000|  0%| F|  |TAMS 0x00000000c4000000, 0x00000000c4000000| Untracked 
|  65|0x00000000c4100000, 0x00000000c4100000, 0x00000000c4200000|  0%| F|  |TAMS 0x00000000c4100000, 0x00000000c4100000| Untracked 
|  66|0x00000000c4200000, 0x00000000c4200000, 0x00000000c4300000|  0%| F|  |TAMS 0x00000000c4200000, 0x00000000c4200000| Untracked 
|  67|0x00000000c4300000, 0x00000000c4300000, 0x00000000c4400000|  0%| F|  |TAMS 0x00000000c4300000, 0x00000000c4300000| Untracked 
|  68|0x00000000c4400000, 0x00000000c4400000, 0x00000000c4500000|  0%| F|  |TAMS 0x00000000c4400000, 0x00000000c4400000| Untracked 
|  69|0x00000000c4500000, 0x00000000c4500000, 0x00000000c4600000|  0%| F|  |TAMS 0x00000000c4500000, 0x00000000c4500000| Untracked 
|  70|0x00000000c4600000, 0x00000000c4600000, 0x00000000c4700000|  0%| F|  |TAMS 0x00000000c4600000, 0x00000000c4600000| Untracked 
|  71|0x00000000c4700000, 0x00000000c4700000, 0x00000000c4800000|  0%| F|  |TAMS 0x00000000c4700000, 0x00000000c4700000| Untracked 
|  72|0x00000000c4800000, 0x00000000c4800000, 0x00000000c4900000|  0%| F|  |TAMS 0x00000000c4800000, 0x00000000c4800000| Untracked 
|  73|0x00000000c4900000, 0x00000000c4900000, 0x00000000c4a00000|  0%| F|  |TAMS 0x00000000c4900000, 0x00000000c4900000| Untracked 
|  74|0x00000000c4a00000, 0x00000000c4a00000, 0x00000000c4b00000|  0%| F|  |TAMS 0x00000000c4a00000, 0x00000000c4a00000| Untracked 
|  75|0x00000000c4b00000, 0x00000000c4b00000, 0x00000000c4c00000|  0%| F|  |TAMS 0x00000000c4b00000, 0x00000000c4b00000| Untracked 
|  76|0x00000000c4c00000, 0x00000000c4c00000, 0x00000000c4d00000|  0%| F|  |TAMS 0x00000000c4c00000, 0x00000000c4c00000| Untracked 
|  77|0x00000000c4d00000, 0x00000000c4d00000, 0x00000000c4e00000|  0%| F|  |TAMS 0x00000000c4d00000, 0x00000000c4d00000| Untracked 
|  78|0x00000000c4e00000, 0x00000000c4e00000, 0x00000000c4f00000|  0%| F|  |TAMS 0x00000000c4e00000, 0x00000000c4e00000| Untracked 
|  79|0x00000000c4f00000, 0x00000000c4f00000, 0x00000000c5000000|  0%| F|  |TAMS 0x00000000c4f00000, 0x00000000c4f00000| Untracked 
|  80|0x00000000c5000000, 0x00000000c5000000, 0x00000000c5100000|  0%| F|  |TAMS 0x00000000c5000000, 0x00000000c5000000| Untracked 
|  81|0x00000000c5100000, 0x00000000c5100000, 0x00000000c5200000|  0%| F|  |TAMS 0x00000000c5100000, 0x00000000c5100000| Untracked 
|  82|0x00000000c5200000, 0x00000000c5200000, 0x00000000c5300000|  0%| F|  |TAMS 0x00000000c5200000, 0x00000000c5200000| Untracked 
|  83|0x00000000c5300000, 0x00000000c5300000, 0x00000000c5400000|  0%| F|  |TAMS 0x00000000c5300000, 0x00000000c5300000| Untracked 
|  84|0x00000000c5400000, 0x00000000c5400000, 0x00000000c5500000|  0%| F|  |TAMS 0x00000000c5400000, 0x00000000c5400000| Untracked 
|  85|0x00000000c5500000, 0x00000000c5500000, 0x00000000c5600000|  0%| F|  |TAMS 0x00000000c5500000, 0x00000000c5500000| Untracked 
|  86|0x00000000c5600000, 0x00000000c5600000, 0x00000000c5700000|  0%| F|  |TAMS 0x00000000c5600000, 0x00000000c5600000| Untracked 
|  87|0x00000000c5700000, 0x00000000c5700000, 0x00000000c5800000|  0%| F|  |TAMS 0x00000000c5700000, 0x00000000c5700000| Untracked 
|  88|0x00000000c5800000, 0x00000000c581f188, 0x00000000c5900000| 12%| E|  |TAMS 0x00000000c5800000, 0x00000000c5800000| Complete 

Card table byte_map: [0x000002caf0410000,0x000002caf0610000] _byte_map_base: 0x000002caefe10000

Marking Bits (Prev, Next): (CMBitMap*) 0x000002caea7d4120, (CMBitMap*) 0x000002caea7d40e0
 Prev Bits: [0x000002caf1810000, 0x000002caf2810000)
 Next Bits: [0x000002caf0810000, 0x000002caf1810000)

Polling page: 0x000002cae8610000

Metaspace:

Usage:
  Non-class:     47.31 MB used.
      Class:      6.89 MB used.
       Both:     54.20 MB used.

Virtual space:
  Non-class space:       64.00 MB reserved,      47.75 MB ( 75%) committed,  1 nodes.
      Class space:        1.00 GB reserved,       7.12 MB ( <1%) committed,  1 nodes.
             Both:        1.06 GB reserved,      54.88 MB (  5%) committed. 

Chunk freelists:
   Non-Class:  15.76 MB
       Class:  8.97 MB
        Both:  24.73 MB

MaxMetaspaceSize: unlimited
CompressedClassSpaceSize: 1.00 GB
Initial GC threshold: 21.00 MB
Current GC threshold: 91.50 MB
CDS: off
MetaspaceReclaimPolicy: balanced
 - commit_granule_bytes: 65536.
 - commit_granule_words: 8192.
 - virtual_space_node_default_size: 8388608.
 - enlarge_chunks_in_place: 1.
 - new_chunks_are_fully_committed: 0.
 - uncommit_free_chunks: 1.
 - use_allocation_guard: 0.
 - handle_deallocations: 1.


Internal statistics:

num_allocs_failed_limit: 6.
num_arena_births: 604.
num_arena_deaths: 200.
num_vsnodes_births: 2.
num_vsnodes_deaths: 0.
num_space_committed: 878.
num_space_uncommitted: 0.
num_chunks_returned_to_freelist: 240.
num_chunks_taken_from_freelist: 2316.
num_chunk_merges: 78.
num_chunk_splits: 1602.
num_chunks_enlarged: 1204.
num_inconsistent_stats: 0.

CodeCache: size=49152Kb used=11829Kb max_used=12685Kb free=37322Kb
 bounds [0x000002caed410000, 0x000002caee100000, 0x000002caf0410000]
 total_blobs=6986 nmethods=6331 adapters=580
 compilation: enabled
              stopped_count=0, restarted_count=0
 full_count=0

Compilation events (20 events):
Event: 7408.789 Thread 0x000002caf4cf4dd0 6326       1       java.nio.file.Files::followLinks (67 bytes)
Event: 7408.803 Thread 0x000002caf4cf4dd0 nmethod 6326 0x000002caed57ff90 code [0x000002caed580140, 0x000002caed580378]
Event: 7408.803 Thread 0x000002caf4cf4dd0 6327       1       org.eclipse.jdt.internal.compiler.lookup.ModuleBinding::nameForCUCheck (5 bytes)
Event: 7408.803 Thread 0x000002caf4cf4dd0 nmethod 6327 0x000002caed57fc90 code [0x000002caed57fe20, 0x000002caed57ff08]
Event: 7408.803 Thread 0x000002caf4cf4dd0 6328       1       org.eclipse.jdt.internal.compiler.batch.FileSystem::hasCompilationUnit (193 bytes)
Event: 7409.019 Thread 0x000002caf4cf4dd0 nmethod 6328 0x000002caed57ee90 code [0x000002caed57f100, 0x000002caed57f788]
Event: 7409.020 Thread 0x000002caf4cf4dd0 6329       1       org.eclipse.jdt.internal.compiler.batch.FileSystem$$Lambda$890/0x000000010068f5b0::<init> (10 bytes)
Event: 7409.020 Thread 0x000002caf4cf4dd0 nmethod 6329 0x000002caed57eb90 code [0x000002caed57ed20, 0x000002caed57ee38]
Event: 7409.020 Thread 0x000002caf4cf4dd0 6330   !   1       org.eclipse.jdt.internal.compiler.batch.FileSystem::$SWITCH_TABLE$org$eclipse$jdt$internal$compiler$env$IModuleAwareNameEnvironment$LookupStrategy (74 bytes)
Event: 7409.022 Thread 0x000002caf4cf4dd0 nmethod 6330 0x000002caed57e490 code [0x000002caed57e640, 0x000002caed57ea08]
Event: 7409.022 Thread 0x000002caf4cf4dd0 6331       1       org.eclipse.jdt.internal.compiler.batch.ClasspathJrt::hasCompilationUnit (10 bytes)
Event: 7409.027 Thread 0x000002caf4cf4dd0 nmethod 6331 0x000002caed57e090 code [0x000002caed57e240, 0x000002caed57e378]
Event: 7409.121 Thread 0x000002caf4cf4dd0 6332   !   1       org.eclipse.jdt.internal.compiler.lookup.LookupEnvironment::getModuleFromAnswer (155 bytes)
Event: 7409.135 Thread 0x000002caf4cf4dd0 nmethod 6332 0x000002caed57d290 code [0x000002caed57d500, 0x000002caed57dbf8]
Event: 7409.184 Thread 0x000002caf4cf4dd0 6333       1       org.eclipse.jdt.internal.compiler.lookup.CompilationUnitScope::faultInImports (1110 bytes)
Event: 7409.237 Thread 0x000002caf4cf4dd0 nmethod 6333 0x000002caed578b90 code [0x000002caed5790e0, 0x000002caed57b748]
Event: 7409.434 Thread 0x000002caf4cf4dd0 6334   !   1       org.eclipse.jdt.internal.compiler.classfmt.MethodInfoWithParameterAnnotations::getParameterAnnotations (138 bytes)
Event: 7409.445 Thread 0x000002caf4cf4dd0 nmethod 6334 0x000002caed577c10 code [0x000002caed577ec0, 0x000002caed5785f8]
Event: 7409.523 Thread 0x000002caf4cf4dd0 6335       1       org.eclipse.jdt.internal.compiler.lookup.TypeBinding::isNestedType (17 bytes)
Event: 7409.524 Thread 0x000002caf4cf4dd0 nmethod 6335 0x000002caed577910 code [0x000002caed577aa0, 0x000002caed577bb8]

GC Heap History (20 events):
Event: 8925.589 GC heap before
{Heap before GC invocations=576 (full 552):
 garbage-first heap   total 91136K, used 29934K [0x00000000c0000000, 0x0000000100000000)
  region size 1024K, 1 young (1024K), 0 survivors (0K)
 Metaspace       used 55501K, committed 56192K, reserved 1114112K
  class space    used 7056K, committed 7296K, reserved 1048576K
}
Event: 8925.654 GC heap after
{Heap after GC invocations=577 (full 553):
 garbage-first heap   total 91136K, used 29934K [0x00000000c0000000, 0x0000000100000000)
  region size 1024K, 0 young (0K), 0 survivors (0K)
 Metaspace       used 55501K, committed 56192K, reserved 1114112K
  class space    used 7056K, committed 7296K, reserved 1048576K
}
Event: 8935.929 GC heap before
{Heap before GC invocations=577 (full 553):
 garbage-first heap   total 91136K, used 29934K [0x00000000c0000000, 0x0000000100000000)
  region size 1024K, 1 young (1024K), 0 survivors (0K)
 Metaspace       used 55501K, committed 56192K, reserved 1114112K
  class space    used 7056K, committed 7296K, reserved 1048576K
}
Event: 8935.992 GC heap after
{Heap after GC invocations=578 (full 554):
 garbage-first heap   total 91136K, used 29934K [0x00000000c0000000, 0x0000000100000000)
  region size 1024K, 0 young (0K), 0 survivors (0K)
 Metaspace       used 55501K, committed 56192K, reserved 1114112K
  class space    used 7056K, committed 7296K, reserved 1048576K
}
Event: 8946.712 GC heap before
{Heap before GC invocations=578 (full 554):
 garbage-first heap   total 91136K, used 29934K [0x00000000c0000000, 0x0000000100000000)
  region size 1024K, 1 young (1024K), 0 survivors (0K)
 Metaspace       used 55501K, committed 56192K, reserved 1114112K
  class space    used 7056K, committed 7296K, reserved 1048576K
}
Event: 8946.776 GC heap after
{Heap after GC invocations=579 (full 555):
 garbage-first heap   total 91136K, used 29934K [0x00000000c0000000, 0x0000000100000000)
  region size 1024K, 0 young (0K), 0 survivors (0K)
 Metaspace       used 55501K, committed 56192K, reserved 1114112K
  class space    used 7056K, committed 7296K, reserved 1048576K
}
Event: 8957.044 GC heap before
{Heap before GC invocations=579 (full 555):
 garbage-first heap   total 91136K, used 29934K [0x00000000c0000000, 0x0000000100000000)
  region size 1024K, 1 young (1024K), 0 survivors (0K)
 Metaspace       used 55501K, committed 56192K, reserved 1114112K
  class space    used 7056K, committed 7296K, reserved 1048576K
}
Event: 8957.108 GC heap after
{Heap after GC invocations=580 (full 556):
 garbage-first heap   total 91136K, used 29934K [0x00000000c0000000, 0x0000000100000000)
  region size 1024K, 0 young (0K), 0 survivors (0K)
 Metaspace       used 55501K, committed 56192K, reserved 1114112K
  class space    used 7056K, committed 7296K, reserved 1048576K
}
Event: 8969.740 GC heap before
{Heap before GC invocations=580 (full 556):
 garbage-first heap   total 91136K, used 29934K [0x00000000c0000000, 0x0000000100000000)
  region size 1024K, 1 young (1024K), 0 survivors (0K)
 Metaspace       used 55501K, committed 56192K, reserved 1114112K
  class space    used 7056K, committed 7296K, reserved 1048576K
}
Event: 8969.799 GC heap after
{Heap after GC invocations=581 (full 557):
 garbage-first heap   total 91136K, used 29934K [0x00000000c0000000, 0x0000000100000000)
  region size 1024K, 0 young (0K), 0 survivors (0K)
 Metaspace       used 55501K, committed 56192K, reserved 1114112K
  class space    used 7056K, committed 7296K, reserved 1048576K
}
Event: 8981.922 GC heap before
{Heap before GC invocations=581 (full 557):
 garbage-first heap   total 91136K, used 29934K [0x00000000c0000000, 0x0000000100000000)
  region size 1024K, 1 young (1024K), 0 survivors (0K)
 Metaspace       used 55501K, committed 56192K, reserved 1114112K
  class space    used 7056K, committed 7296K, reserved 1048576K
}
Event: 8981.981 GC heap after
{Heap after GC invocations=582 (full 558):
 garbage-first heap   total 91136K, used 29934K [0x00000000c0000000, 0x0000000100000000)
  region size 1024K, 0 young (0K), 0 survivors (0K)
 Metaspace       used 55501K, committed 56192K, reserved 1114112K
  class space    used 7056K, committed 7296K, reserved 1048576K
}
Event: 8993.106 GC heap before
{Heap before GC invocations=582 (full 558):
 garbage-first heap   total 91136K, used 29934K [0x00000000c0000000, 0x0000000100000000)
  region size 1024K, 1 young (1024K), 0 survivors (0K)
 Metaspace       used 55501K, committed 56192K, reserved 1114112K
  class space    used 7056K, committed 7296K, reserved 1048576K
}
Event: 8993.181 GC heap after
{Heap after GC invocations=583 (full 559):
 garbage-first heap   total 91136K, used 29934K [0x00000000c0000000, 0x0000000100000000)
  region size 1024K, 0 young (0K), 0 survivors (0K)
 Metaspace       used 55501K, committed 56192K, reserved 1114112K
  class space    used 7056K, committed 7296K, reserved 1048576K
}
Event: 9004.621 GC heap before
{Heap before GC invocations=583 (full 559):
 garbage-first heap   total 91136K, used 29934K [0x00000000c0000000, 0x0000000100000000)
  region size 1024K, 1 young (1024K), 0 survivors (0K)
 Metaspace       used 55501K, committed 56192K, reserved 1114112K
  class space    used 7056K, committed 7296K, reserved 1048576K
}
Event: 9004.685 GC heap after
{Heap after GC invocations=584 (full 560):
 garbage-first heap   total 91136K, used 29934K [0x00000000c0000000, 0x0000000100000000)
  region size 1024K, 0 young (0K), 0 survivors (0K)
 Metaspace       used 55501K, committed 56192K, reserved 1114112K
  class space    used 7056K, committed 7296K, reserved 1048576K
}
Event: 9015.279 GC heap before
{Heap before GC invocations=584 (full 560):
 garbage-first heap   total 91136K, used 29934K [0x00000000c0000000, 0x0000000100000000)
  region size 1024K, 1 young (1024K), 0 survivors (0K)
 Metaspace       used 55501K, committed 56192K, reserved 1114112K
  class space    used 7056K, committed 7296K, reserved 1048576K
}
Event: 9015.342 GC heap after
{Heap after GC invocations=585 (full 561):
 garbage-first heap   total 91136K, used 29934K [0x00000000c0000000, 0x0000000100000000)
  region size 1024K, 0 young (0K), 0 survivors (0K)
 Metaspace       used 55501K, committed 56192K, reserved 1114112K
  class space    used 7056K, committed 7296K, reserved 1048576K
}
Event: 9025.948 GC heap before
{Heap before GC invocations=585 (full 561):
 garbage-first heap   total 91136K, used 29934K [0x00000000c0000000, 0x0000000100000000)
  region size 1024K, 1 young (1024K), 0 survivors (0K)
 Metaspace       used 55501K, committed 56192K, reserved 1114112K
  class space    used 7056K, committed 7296K, reserved 1048576K
}
Event: 9026.013 GC heap after
{Heap after GC invocations=586 (full 562):
 garbage-first heap   total 91136K, used 29934K [0x00000000c0000000, 0x0000000100000000)
  region size 1024K, 0 young (0K), 0 survivors (0K)
 Metaspace       used 55501K, committed 56192K, reserved 1114112K
  class space    used 7056K, committed 7296K, reserved 1048576K
}

Dll operation events (9 events):
Event: 0.015 Loaded shared library c:\Users\Niltera05\.vscode\extensions\redhat.java-1.23.0-win32-x64\jre\17.0.8.1-win32-x86_64\bin\java.dll
Event: 1.485 Loaded shared library C:\Users\Niltera05\.vscode\extensions\redhat.java-1.23.0-win32-x64\jre\17.0.8.1-win32-x86_64\bin\net.dll
Event: 1.490 Loaded shared library C:\Users\Niltera05\.vscode\extensions\redhat.java-1.23.0-win32-x64\jre\17.0.8.1-win32-x86_64\bin\nio.dll
Event: 1.512 Loaded shared library C:\Users\Niltera05\.vscode\extensions\redhat.java-1.23.0-win32-x64\jre\17.0.8.1-win32-x86_64\bin\zip.dll
Event: 3.127 Loaded shared library C:\Users\Niltera05\.vscode\extensions\redhat.java-1.23.0-win32-x64\jre\17.0.8.1-win32-x86_64\bin\jimage.dll
Event: 11.305 Loaded shared library c:\Users\Niltera05\.vscode\extensions\redhat.java-1.23.0-win32-x64\jre\17.0.8.1-win32-x86_64\bin\verify.dll
Event: 12.132 Loaded shared library C:\Users\Niltera05\.vscode\extensions\redhat.java-1.23.0-win32-x64\jre\17.0.8.1-win32-x86_64\bin\management.dll
Event: 12.135 Loaded shared library C:\Users\Niltera05\.vscode\extensions\redhat.java-1.23.0-win32-x64\jre\17.0.8.1-win32-x86_64\bin\management_ext.dll
Event: 14.245 Loaded shared library C:\Users\Niltera05\.vscode\extensions\redhat.java-1.23.0-win32-x64\jre\17.0.8.1-win32-x86_64\bin\sunmscapi.dll

Deoptimization events (20 events):
Event: 13.759 Thread 0x000002cafa6a7840 DEOPT PACKING pc=0x000002caed602e0c sp=0x000000d5781fe5d0
Event: 13.759 Thread 0x000002cafa6a7840 DEOPT UNPACKING pc=0x000002caed467143 sp=0x000000d5781fda98 mode 0
Event: 15.436 Thread 0x000002cafa6a4fc0 DEOPT PACKING pc=0x000002caeddeaa6e sp=0x000000d577efe540
Event: 15.436 Thread 0x000002cafa6a4fc0 DEOPT UNPACKING pc=0x000002caed467143 sp=0x000000d577efda38 mode 3
Event: 16.115 Thread 0x000002cafa6a4fc0 DEOPT PACKING pc=0x000002caede5c94f sp=0x000000d577efe220
Event: 16.115 Thread 0x000002cafa6a4fc0 DEOPT UNPACKING pc=0x000002caed467143 sp=0x000000d577efd710 mode 3
Event: 16.793 Thread 0x000002cafa6a4fc0 DEOPT PACKING pc=0x000002caedecaef8 sp=0x000000d577efc570
Event: 16.793 Thread 0x000002cafa6a4fc0 DEOPT UNPACKING pc=0x000002caed467143 sp=0x000000d577efba28 mode 3
Event: 16.793 Thread 0x000002cafa6a4fc0 DEOPT PACKING pc=0x000002caedecd284 sp=0x000000d577efc480
Event: 16.793 Thread 0x000002cafa6a4fc0 DEOPT UNPACKING pc=0x000002caed467143 sp=0x000000d577efb960 mode 3
Event: 17.308 Thread 0x000002cafa6a4fc0 DEOPT PACKING pc=0x000002caedfa738c sp=0x000000d577efe2b0
Event: 17.310 Thread 0x000002cafa6a4fc0 DEOPT UNPACKING pc=0x000002caed467143 sp=0x000000d577efd830 mode 0
Event: 17.311 Thread 0x000002cafa6a4fc0 DEOPT PACKING pc=0x000002caedfa738c sp=0x000000d577efe510
Event: 17.311 Thread 0x000002cafa6a4fc0 DEOPT UNPACKING pc=0x000002caed467143 sp=0x000000d577efda90 mode 0
Event: 17.320 Thread 0x000002cafa6a4fc0 DEOPT PACKING pc=0x000002caedfa738c sp=0x000000d577efe960
Event: 17.320 Thread 0x000002cafa6a4fc0 DEOPT UNPACKING pc=0x000002caed467143 sp=0x000000d577efdee0 mode 0
Event: 3925.463 Thread 0x000002cafa4aead0 DEOPT PACKING pc=0x000002caeda03354 sp=0x000000d5774fec40
Event: 3925.464 Thread 0x000002cafa4aead0 DEOPT UNPACKING pc=0x000002caed467143 sp=0x000000d5774fe0c8 mode 0
Event: 3925.633 Thread 0x000002cafa9e94b0 DEOPT PACKING pc=0x000002caee00f0a0 sp=0x000000d5759fd630
Event: 3925.633 Thread 0x000002cafa9e94b0 DEOPT UNPACKING pc=0x000002caed467143 sp=0x000000d5759fcab0 mode 3

Classes unloaded (20 events):
Event: 92.673 Thread 0x000002caf4c6f2e0 Unloading class 0x0000000100225c00 'java/lang/invoke/LambdaForm$MH+0x0000000100225c00'
Event: 92.673 Thread 0x000002caf4c6f2e0 Unloading class 0x0000000100212800 'java/lang/invoke/LambdaForm$DMH+0x0000000100212800'
Event: 92.673 Thread 0x000002caf4c6f2e0 Unloading class 0x0000000100092000 'java/lang/invoke/LambdaForm$MH+0x0000000100092000'
Event: 92.673 Thread 0x000002caf4c6f2e0 Unloading class 0x0000000100091c00 'java/lang/invoke/LambdaForm$MH+0x0000000100091c00'
Event: 92.673 Thread 0x000002caf4c6f2e0 Unloading class 0x0000000100091800 'java/lang/invoke/LambdaForm$MH+0x0000000100091800'
Event: 92.673 Thread 0x000002caf4c6f2e0 Unloading class 0x0000000100091400 'java/lang/invoke/LambdaForm$MH+0x0000000100091400'
Event: 92.673 Thread 0x000002caf4c6f2e0 Unloading class 0x0000000100091000 'java/lang/invoke/LambdaForm$MH+0x0000000100091000'
Event: 92.673 Thread 0x000002caf4c6f2e0 Unloading class 0x0000000100090c00 'java/lang/invoke/LambdaForm$MH+0x0000000100090c00'
Event: 92.673 Thread 0x000002caf4c6f2e0 Unloading class 0x0000000100090800 'java/lang/invoke/LambdaForm$MH+0x0000000100090800'
Event: 92.673 Thread 0x000002caf4c6f2e0 Unloading class 0x0000000100090400 'java/lang/invoke/LambdaForm$MH+0x0000000100090400'
Event: 92.673 Thread 0x000002caf4c6f2e0 Unloading class 0x000000010008b800 'java/lang/invoke/LambdaForm$MH+0x000000010008b800'
Event: 92.673 Thread 0x000002caf4c6f2e0 Unloading class 0x000000010008b400 'java/lang/invoke/LambdaForm$MH+0x000000010008b400'
Event: 92.673 Thread 0x000002caf4c6f2e0 Unloading class 0x000000010008b000 'java/lang/invoke/LambdaForm$MH+0x000000010008b000'
Event: 92.673 Thread 0x000002caf4c6f2e0 Unloading class 0x000000010008ac00 'java/lang/invoke/LambdaForm$MH+0x000000010008ac00'
Event: 92.673 Thread 0x000002caf4c6f2e0 Unloading class 0x000000010008a800 'java/lang/invoke/LambdaForm$MH+0x000000010008a800'
Event: 92.673 Thread 0x000002caf4c6f2e0 Unloading class 0x000000010008a400 'java/lang/invoke/LambdaForm$MH+0x000000010008a400'
Event: 92.673 Thread 0x000002caf4c6f2e0 Unloading class 0x0000000100089c00 'java/lang/invoke/LambdaForm$MH+0x0000000100089c00'
Event: 92.673 Thread 0x000002caf4c6f2e0 Unloading class 0x0000000100089400 'java/lang/invoke/LambdaForm$MH+0x0000000100089400'
Event: 92.673 Thread 0x000002caf4c6f2e0 Unloading class 0x0000000100088c00 'java/lang/invoke/LambdaForm$MH+0x0000000100088c00'
Event: 92.673 Thread 0x000002caf4c6f2e0 Unloading class 0x0000000100088400 'java/lang/invoke/LambdaForm$MH+0x0000000100088400'

Classes redefined (0 events):
No events

Internal exceptions (20 events):
Event: 15.496 Thread 0x000002cafa6a7330 Exception <a 'java/lang/NoSuchMethodError'{0x00000000c3d4e900}: 'int java.lang.invoke.DirectMethodHandle$Holder.invokeStatic(java.lang.Object, int, java.lang.Object)'> (0x00000000c3d4e900) 
thrown [s\src\hotspot\share\interpreter\linkResolver.cpp, line 759]
Event: 16.115 Thread 0x000002cafa6a4fc0 Implicit null exception at 0x000002caede5c390 to 0x000002caede5c94a
Event: 16.793 Thread 0x000002cafa6a4fc0 Implicit null exception at 0x000002caedeca90a to 0x000002caedecaef3
Event: 16.793 Thread 0x000002cafa6a4fc0 Implicit null exception at 0x000002caedeccd8f to 0x000002caedecd27f
Event: 17.419 Thread 0x000002cafa6a4fc0 Exception <a 'sun/nio/fs/WindowsException'{0x00000000c4b330e0}> (0x00000000c4b330e0) 
thrown [s\src\hotspot\share\prims\jni.cpp, line 516]
Event: 17.419 Thread 0x000002cafa6a4fc0 Exception <a 'sun/nio/fs/WindowsException'{0x00000000c4b33c30}> (0x00000000c4b33c30) 
thrown [s\src\hotspot\share\prims\jni.cpp, line 516]
Event: 17.419 Thread 0x000002cafa6a4fc0 Exception <a 'sun/nio/fs/WindowsException'{0x00000000c4b34730}> (0x00000000c4b34730) 
thrown [s\src\hotspot\share\prims\jni.cpp, line 516]
Event: 17.419 Thread 0x000002cafa6a4fc0 Exception <a 'sun/nio/fs/WindowsException'{0x00000000c4b35280}> (0x00000000c4b35280) 
thrown [s\src\hotspot\share\prims\jni.cpp, line 516]
Event: 17.428 Thread 0x000002cafa6a4fc0 Exception <a 'sun/nio/fs/WindowsException'{0x00000000c4b35ea0}> (0x00000000c4b35ea0) 
thrown [s\src\hotspot\share\prims\jni.cpp, line 516]
Event: 17.428 Thread 0x000002cafa6a4fc0 Exception <a 'sun/nio/fs/WindowsException'{0x00000000c4b36b28}> (0x00000000c4b36b28) 
thrown [s\src\hotspot\share\prims\jni.cpp, line 516]
Event: 17.430 Thread 0x000002cafa6a4fc0 Exception <a 'sun/nio/fs/WindowsException'{0x00000000c4b3e008}> (0x00000000c4b3e008) 
thrown [s\src\hotspot\share\prims\jni.cpp, line 516]
Event: 17.430 Thread 0x000002cafa6a4fc0 Exception <a 'sun/nio/fs/WindowsException'{0x00000000c4b3eb58}> (0x00000000c4b3eb58) 
thrown [s\src\hotspot\share\prims\jni.cpp, line 516]
Event: 17.430 Thread 0x000002cafa6a4fc0 Exception <a 'sun/nio/fs/WindowsException'{0x00000000c4b3f658}> (0x00000000c4b3f658) 
thrown [s\src\hotspot\share\prims\jni.cpp, line 516]
Event: 17.431 Thread 0x000002cafa6a4fc0 Exception <a 'sun/nio/fs/WindowsException'{0x00000000c4b401a8}> (0x00000000c4b401a8) 
thrown [s\src\hotspot\share\prims\jni.cpp, line 516]
Event: 17.431 Thread 0x000002cafa6a4fc0 Exception <a 'sun/nio/fs/WindowsException'{0x00000000c4b40dc8}> (0x00000000c4b40dc8) 
thrown [s\src\hotspot\share\prims\jni.cpp, line 516]
Event: 17.431 Thread 0x000002cafa6a4fc0 Exception <a 'sun/nio/fs/WindowsException'{0x00000000c4b41a50}> (0x00000000c4b41a50) 
thrown [s\src\hotspot\share\prims\jni.cpp, line 516]
Event: 17.455 Thread 0x000002cafa6a4fc0 Exception <a 'sun/nio/fs/WindowsException'{0x00000000c4b7e268}> (0x00000000c4b7e268) 
thrown [s\src\hotspot\share\prims\jni.cpp, line 516]
Event: 82.194 Thread 0x000002caf9fa3380 Exception <a 'java/lang/NoSuchMethodError'{0x00000000c498c870}: 'void java.lang.invoke.DirectMethodHandle$Holder.invokeStatic(java.lang.Object, long)'> (0x00000000c498c870) 
thrown [s\src\hotspot\share\interpreter\linkResolver.cpp, line 759]
Event: 82.197 Thread 0x000002caf9fa3380 Exception <a 'java/lang/NoSuchMethodError'{0x00000000c4991c20}: 'java.lang.Object java.lang.invoke.DirectMethodHandle$Holder.newInvokeSpecial(java.lang.Object, long)'> (0x00000000c4991c20) 
thrown [s\src\hotspot\share\interpreter\linkResolver.cpp, line 759]
Event: 3925.633 Thread 0x000002cafa9e94b0 Implicit null exception at 0x000002caee00ee5a to 0x000002caee00f09b

VM Operations (20 events):
Event: 8925.654 Executing VM operation: G1CollectFull done
Event: 8935.929 Executing VM operation: G1CollectFull
Event: 8935.993 Executing VM operation: G1CollectFull done
Event: 8946.711 Executing VM operation: G1CollectFull
Event: 8946.776 Executing VM operation: G1CollectFull done
Event: 8957.044 Executing VM operation: G1CollectFull
Event: 8957.108 Executing VM operation: G1CollectFull done
Event: 8969.740 Executing VM operation: G1CollectFull
Event: 8969.799 Executing VM operation: G1CollectFull done
Event: 8981.922 Executing VM operation: G1CollectFull
Event: 8981.981 Executing VM operation: G1CollectFull done
Event: 8993.106 Executing VM operation: G1CollectFull
Event: 8993.181 Executing VM operation: G1CollectFull done
Event: 9004.621 Executing VM operation: G1CollectFull
Event: 9004.685 Executing VM operation: G1CollectFull done
Event: 9015.278 Executing VM operation: G1CollectFull
Event: 9015.342 Executing VM operation: G1CollectFull done
Event: 9025.947 Executing VM operation: G1CollectFull
Event: 9026.013 Executing VM operation: G1CollectFull done
Event: 9036.157 Executing VM operation: G1CollectFull

Events (20 events):
Event: 3709.919 Thread 0x000002caf920d9d0 Thread added: 0x000002caf920d9d0
Event: 3709.919 Thread 0x000002caf9f74860 Thread added: 0x000002caf9f74860
Event: 3714.925 Thread 0x000002caf9f74860 Thread exited: 0x000002caf9f74860
Event: 3714.925 Thread 0x000002caf920d9d0 Thread exited: 0x000002caf920d9d0
Event: 3925.470 Thread 0x000002cafa9ea3e0 Thread added: 0x000002cafa9ea3e0
Event: 3925.534 Thread 0x000002cafa9e94b0 Thread added: 0x000002cafa9e94b0
Event: 3985.656 Thread 0x000002cafa9e94b0 Thread exited: 0x000002cafa9e94b0
Event: 3985.672 Thread 0x000002cafa9ea3e0 Thread exited: 0x000002cafa9ea3e0
Event: 4373.974 Thread 0x000002cafa9e8a90 Thread added: 0x000002cafa9e8a90
Event: 4373.990 Thread 0x000002cafa9e9ed0 Thread added: 0x000002cafa9e9ed0
Event: 4374.191 Thread 0x000002cafa9ecc60 Thread added: 0x000002cafa9ecc60
Event: 4434.841 Thread 0x000002cafa9ecc60 Thread exited: 0x000002cafa9ecc60
Event: 4434.841 Thread 0x000002cafa9e8a90 Thread exited: 0x000002cafa9e8a90
Event: 4442.678 Thread 0x000002cafa9e9ed0 Thread exited: 0x000002cafa9e9ed0
Event: 7137.340 Thread 0x000002caf9f74860 Thread added: 0x000002caf9f74860
Event: 7142.357 Thread 0x000002caf9f74860 Thread exited: 0x000002caf9f74860
Event: 7407.980 Thread 0x000002cafa9e8a90 Thread added: 0x000002cafa9e8a90
Event: 7408.146 Thread 0x000002cafa9eae00 Thread added: 0x000002cafa9eae00
Event: 7469.661 Thread 0x000002cafa9eae00 Thread exited: 0x000002cafa9eae00
Event: 7469.723 Thread 0x000002cafa9e8a90 Thread exited: 0x000002cafa9e8a90


Dynamic libraries:
0x00007ff763690000 - 0x00007ff76369e000 	c:\Users\Niltera05\.vscode\extensions\redhat.java-1.23.0-win32-x64\jre\17.0.8.1-win32-x86_64\bin\java.exe
0x00007ffd170f0000 - 0x00007ffd172e8000 	C:\Windows\SYSTEM32\ntdll.dll
0x00007ffd15df0000 - 0x00007ffd15ead000 	C:\Windows\System32\KERNEL32.DLL
0x00007ffd14b30000 - 0x00007ffd14e26000 	C:\Windows\System32\KERNELBASE.dll
0x00007ffd15050000 - 0x00007ffd15150000 	C:\Windows\System32\ucrtbase.dll
0x00007ffcfe390000 - 0x00007ffcfe3a7000 	c:\Users\Niltera05\.vscode\extensions\redhat.java-1.23.0-win32-x64\jre\17.0.8.1-win32-x86_64\bin\jli.dll
0x00007ffd16600000 - 0x00007ffd1679e000 	C:\Windows\System32\USER32.dll
0x00007ffd14850000 - 0x00007ffd14872000 	C:\Windows\System32\win32u.dll
0x00007ffd157f0000 - 0x00007ffd1581c000 	C:\Windows\System32\GDI32.dll
0x00007ffd14ec0000 - 0x00007ffd14fda000 	C:\Windows\System32\gdi32full.dll
0x00007ffd14930000 - 0x00007ffd149cd000 	C:\Windows\System32\msvcp_win.dll
0x00007ffcfe370000 - 0x00007ffcfe389000 	c:\Users\Niltera05\.vscode\extensions\redhat.java-1.23.0-win32-x64\jre\17.0.8.1-win32-x86_64\bin\VCRUNTIME140.dll
0x00007ffcfddf0000 - 0x00007ffcfe08a000 	C:\Windows\WinSxS\amd64_microsoft.windows.common-controls_6595b64144ccf1df_6.0.19041.1110_none_60b5254171f9507e\COMCTL32.dll
0x00007ffd163d0000 - 0x00007ffd1646e000 	C:\Windows\System32\msvcrt.dll
0x00007ffd153e0000 - 0x00007ffd15410000 	C:\Windows\System32\IMM32.DLL
0x00007ffd0cb10000 - 0x00007ffd0cb1c000 	c:\Users\Niltera05\.vscode\extensions\redhat.java-1.23.0-win32-x64\jre\17.0.8.1-win32-x86_64\bin\vcruntime140_1.dll
0x00007ffce89b0000 - 0x00007ffce8a41000 	c:\Users\Niltera05\.vscode\extensions\redhat.java-1.23.0-win32-x64\jre\17.0.8.1-win32-x86_64\bin\msvcp140.dll
0x00007ffcb0c50000 - 0x00007ffcb189c000 	c:\Users\Niltera05\.vscode\extensions\redhat.java-1.23.0-win32-x64\jre\17.0.8.1-win32-x86_64\bin\server\jvm.dll
0x00007ffd152d0000 - 0x00007ffd1537e000 	C:\Windows\System32\ADVAPI32.dll
0x00007ffd17000000 - 0x00007ffd1709c000 	C:\Windows\System32\sechost.dll
0x00007ffd15410000 - 0x00007ffd15536000 	C:\Windows\System32\RPCRT4.dll
0x00007ffd14630000 - 0x00007ffd1467b000 	C:\Windows\SYSTEM32\POWRPROF.dll
0x00007ffd04690000 - 0x00007ffd04699000 	C:\Windows\SYSTEM32\WSOCK32.dll
0x00007ffd15830000 - 0x00007ffd1589b000 	C:\Windows\System32\WS2_32.dll
0x00007ffcf8a70000 - 0x00007ffcf8a97000 	C:\Windows\SYSTEM32\WINMM.dll
0x00007ffd0dbc0000 - 0x00007ffd0dbca000 	C:\Windows\SYSTEM32\VERSION.dll
0x00007ffd14610000 - 0x00007ffd14622000 	C:\Windows\SYSTEM32\UMPDC.dll
0x00007ffd12660000 - 0x00007ffd12672000 	C:\Windows\SYSTEM32\kernel.appcore.dll
0x00007ffd0a8c0000 - 0x00007ffd0a8ca000 	c:\Users\Niltera05\.vscode\extensions\redhat.java-1.23.0-win32-x64\jre\17.0.8.1-win32-x86_64\bin\jimage.dll
0x00007ffd0bc60000 - 0x00007ffd0be44000 	C:\Windows\SYSTEM32\DBGHELP.DLL
0x00007ffd0bc20000 - 0x00007ffd0bc54000 	C:\Windows\SYSTEM32\dbgcore.DLL
0x00007ffd14e30000 - 0x00007ffd14eb2000 	C:\Windows\System32\bcryptPrimitives.dll
0x00007ffceb190000 - 0x00007ffceb1b5000 	c:\Users\Niltera05\.vscode\extensions\redhat.java-1.23.0-win32-x64\jre\17.0.8.1-win32-x86_64\bin\java.dll
0x00007ffcf2260000 - 0x00007ffcf2278000 	c:\Users\Niltera05\.vscode\extensions\redhat.java-1.23.0-win32-x64\jre\17.0.8.1-win32-x86_64\bin\zip.dll
0x00007ffd168b0000 - 0x00007ffd16ff5000 	C:\Windows\System32\SHELL32.dll
0x00007ffd12860000 - 0x00007ffd12ffb000 	C:\Windows\SYSTEM32\windows.storage.dll
0x00007ffd15a90000 - 0x00007ffd15de4000 	C:\Windows\System32\combase.dll
0x00007ffd14140000 - 0x00007ffd1416e000 	C:\Windows\SYSTEM32\Wldp.dll
0x00007ffd158a0000 - 0x00007ffd1594d000 	C:\Windows\System32\SHCORE.dll
0x00007ffd16470000 - 0x00007ffd164c5000 	C:\Windows\System32\shlwapi.dll
0x00007ffd14700000 - 0x00007ffd14725000 	C:\Windows\SYSTEM32\profapi.dll
0x00007ffcee7d0000 - 0x00007ffcee7e9000 	C:\Users\Niltera05\.vscode\extensions\redhat.java-1.23.0-win32-x64\jre\17.0.8.1-win32-x86_64\bin\net.dll
0x00007ffd05650000 - 0x00007ffd0575a000 	C:\Windows\SYSTEM32\WINHTTP.dll
0x00007ffd13ea0000 - 0x00007ffd13f0a000 	C:\Windows\system32\mswsock.dll
0x00007ffceba20000 - 0x00007ffceba35000 	C:\Users\Niltera05\.vscode\extensions\redhat.java-1.23.0-win32-x64\jre\17.0.8.1-win32-x86_64\bin\nio.dll
0x00007ffd14090000 - 0x00007ffd140a8000 	C:\Windows\SYSTEM32\CRYPTSP.dll
0x00007ffd137b0000 - 0x00007ffd137e4000 	C:\Windows\system32\rsaenh.dll
0x00007ffd147d0000 - 0x00007ffd147f7000 	C:\Windows\System32\bcrypt.dll
0x00007ffd14680000 - 0x00007ffd146ae000 	C:\Windows\SYSTEM32\USERENV.dll
0x00007ffd140b0000 - 0x00007ffd140bc000 	C:\Windows\SYSTEM32\CRYPTBASE.dll
0x00007ffd13b90000 - 0x00007ffd13bcb000 	C:\Windows\SYSTEM32\IPHLPAPI.DLL
0x00007ffd170a0000 - 0x00007ffd170a8000 	C:\Windows\System32\NSI.dll
0x00007ffd09dd0000 - 0x00007ffd09de7000 	C:\Windows\SYSTEM32\dhcpcsvc6.DLL
0x00007ffd09e50000 - 0x00007ffd09e6d000 	C:\Windows\SYSTEM32\dhcpcsvc.DLL
0x00007ffd13bd0000 - 0x00007ffd13c9a000 	C:\Windows\SYSTEM32\DNSAPI.dll
0x00007ffd046b0000 - 0x00007ffd046c0000 	c:\Users\Niltera05\.vscode\extensions\redhat.java-1.23.0-win32-x64\jre\17.0.8.1-win32-x86_64\bin\verify.dll
0x00007ffd0f5c0000 - 0x00007ffd0f5c9000 	C:\Users\Niltera05\.vscode\extensions\redhat.java-1.23.0-win32-x64\jre\17.0.8.1-win32-x86_64\bin\management.dll
0x00007ffd0f5b0000 - 0x00007ffd0f5bb000 	C:\Users\Niltera05\.vscode\extensions\redhat.java-1.23.0-win32-x64\jre\17.0.8.1-win32-x86_64\bin\management_ext.dll
0x00007ffd159b0000 - 0x00007ffd159b8000 	C:\Windows\System32\PSAPI.DLL
0x00007ffd0f540000 - 0x00007ffd0f54e000 	C:\Users\Niltera05\.vscode\extensions\redhat.java-1.23.0-win32-x64\jre\17.0.8.1-win32-x86_64\bin\sunmscapi.dll
0x00007ffd149d0000 - 0x00007ffd14b2e000 	C:\Windows\System32\CRYPT32.dll
0x00007ffd141b0000 - 0x00007ffd141d8000 	C:\Windows\SYSTEM32\ncrypt.dll
0x00007ffd14170000 - 0x00007ffd141ab000 	C:\Windows\SYSTEM32\NTASN1.dll
0x00007ffd059e0000 - 0x00007ffd059ea000 	C:\Windows\System32\rasadhlp.dll
0x00007ffd05b50000 - 0x00007ffd05bd2000 	C:\Windows\System32\fwpuclnt.dll

dbghelp: loaded successfully - version: 4.0.5 - missing functions: none
symbol engine: initialized successfully - sym options: 0x614 - pdb path: .;c:\Users\Niltera05\.vscode\extensions\redhat.java-1.23.0-win32-x64\jre\17.0.8.1-win32-x86_64\bin;C:\Windows\SYSTEM32;C:\Windows\WinSxS\amd64_microsoft.windows.common-controls_6595b64144ccf1df_6.0.19041.1110_none_60b5254171f9507e;c:\Users\Niltera05\.vscode\extensions\redhat.java-1.23.0-win32-x64\jre\17.0.8.1-win32-x86_64\bin\server

VM Arguments:
jvm_args: -XX:+HeapDumpOnOutOfMemoryError -Xmx1024m -Dsts.lsp.client=vscode -Dsts.log.file=/dev/null -XX:TieredStopAtLevel=1 -Xlog:jni+resolve=off -Dspring.config.location=file:c:\Users\Niltera05\.vscode\extensions\vmware.vscode-spring-boot-1.49.0\language-server\BOOT-INF\classes\application.properties 
java_command: org.springframework.ide.vscode.boot.app.BootLanguageServerBootApp
java_class_path (initial): c:\Users\Niltera05\.vscode\extensions\vmware.vscode-spring-boot-1.49.0\language-server\BOOT-INF\classes;c:\Users\Niltera05\.vscode\extensions\vmware.vscode-spring-boot-1.49.0\language-server\BOOT-INF\lib\annotations-24.0.1.jar;c:\Users\Niltera05\.vscode\extensions\vmware.vscode-spring-boot-1.49.0\language-server\BOOT-INF\lib\antlr-runtime-3.5.3.jar;c:\Users\Niltera05\.vscode\extensions\vmware.vscode-spring-boot-1.49.0\language-server\BOOT-INF\lib\antlr4-4.11.1.jar;c:\Users\Niltera05\.vscode\extensions\vmware.vscode-spring-boot-1.49.0\language-server\BOOT-INF\lib\antlr4-runtime-4.11.1.jar;c:\Users\Niltera05\.vscode\extensions\vmware.vscode-spring-boot-1.49.0\language-server\BOOT-INF\lib\archunit-1.1.0.jar;c:\Users\Niltera05\.vscode\extensions\vmware.vscode-spring-boot-1.49.0\language-server\BOOT-INF\lib\asm-9.5.jar;c:\Users\Niltera05\.vscode\extensions\vmware.vscode-spring-boot-1.49.0\language-server\BOOT-INF\lib\asm-analysis-9.5.jar;c:\Users\Niltera05\.vscode\extensions\vmware.vscode-spring-boot-1.49.0\language-server\BOOT-INF\lib\asm-tree-9.5.jar;c:\Users\Niltera05\.vscode\extensions\vmware.vscode-spring-boot-1.49.0\language-server\BOOT-INF\lib\asm-util-9.5.jar;c:\Users\Niltera05\.vscode\extensions\vmware.vscode-spring-boot-1.49.0\language-server\BOOT-INF\lib\bosh-language-server-1.49.0-SNAPSHOT.jar;c:\Users\Niltera05\.vscode\extensions\vmware.vscode-spring-boot-1.49.0\language-server\BOOT-INF\lib\caffeine-3.1.6.jar;c:\Users\Niltera05\.vscode\extensions\vmware.vscode-spring-boot-1.49.0\language-server\BOOT-INF\lib\checker-qual-3.12.0.jar;c:\Users\Niltera05\.vscode\extensions\vmware.vscode-spring-boot-1.49.0\language-server\BOOT-INF\lib\classgraph-4.8.149.jar;c:\Users\Niltera05\.vscode\extensions\vmware.vscode-spring-boot-1.49.0\language-server\BOOT-INF\lib\commons-codec-1.15.jar;c:\Users\Niltera05\.vscode\extensions\vmware.vscode-spring-boot-1.49.0\language-server\BOOT-INF\lib\commons-compress-1.23.0.jar;c:\Users\Niltera05\.vscode\exten
Launcher Type: SUN_STANDARD

[Global flags]
     intx CICompilerCount                          = 3                                         {product} {ergonomic}
     uint ConcGCThreads                            = 1                                         {product} {ergonomic}
     uint G1ConcRefinementThreads                  = 4                                         {product} {ergonomic}
   size_t G1HeapRegionSize                         = 1048576                                   {product} {ergonomic}
    uintx GCDrainStackTargetSize                   = 64                                        {product} {ergonomic}
     bool HeapDumpOnOutOfMemoryError               = true                                   {manageable} {command line}
   size_t InitialHeapSize                          = 67108864                                  {product} {ergonomic}
   size_t MarkStackSize                            = 4194304                                   {product} {ergonomic}
   size_t MaxHeapSize                              = 1073741824                                {product} {command line}
   size_t MaxNewSize                               = 643825664                                 {product} {ergonomic}
   size_t MinHeapDeltaBytes                        = 1048576                                   {product} {ergonomic}
   size_t MinHeapSize                              = 8388608                                   {product} {ergonomic}
    uintx NonProfiledCodeHeapSize                  = 0                                      {pd product} {ergonomic}
     bool ProfileInterpreter                       = false                                  {pd product} {command line}
    uintx ProfiledCodeHeapSize                     = 0                                      {pd product} {ergonomic}
   size_t SoftMaxHeapSize                          = 1073741824                             {manageable} {ergonomic}
     intx TieredStopAtLevel                        = 1                                         {product} {command line}
     bool UseCompressedClassPointers               = true                           {product lp64_product} {ergonomic}
     bool UseCompressedOops                        = true                           {product lp64_product} {ergonomic}
     bool UseG1GC                                  = true                                      {product} {ergonomic}
     bool UseLargePagesIndividualAllocation        = false                                  {pd product} {ergonomic}

Logging:
Log output configuration:
 #0: stdout all=warning,jni+resolve=off uptime,level,tags
 #1: stderr all=off uptime,level,tags

Environment Variables:
PATH=C:\Program Files\Common Files\Oracle\Java\javapath;C:\Program Files (x86)\Common Files\Oracle\Java\javapath;C:\ProgramData\Oracle\Java\javapath;C:\Windows\system32;C:\Windows;C:\Windows\System32\Wbem;C:\Windows\System32\WindowsPowerShell\v1.0\;C:\Windows\System32\OpenSSH\;C:\Program Files\Git\cmd;C:\gradle-8.3\bin;C:\Program Files\nodejs\;C:\Program Files (x86)\Java\jdk1.8.0_161\bin;C:\Program Files\MySQL\MySQL Shell 8.0\bin\;C:\Program Files\MySQL\MySQL Shell 8.0\bin\;C:\Users\Niltera05\AppData\Local\Microsoft\WindowsApps;C:\Users\Niltera05\Downloads\Microsoft VS Code\bin;C:\Users\Niltera05\AppData\Local\GitHubDesktop\bin;C:\Users\Niltera05\AppData\Roaming\npm;C:\Program Files (x86)\Java\jdk1.8.0_161\bin;
USERNAME=Niltera05
OS=Windows_NT
PROCESSOR_IDENTIFIER=Intel64 Family 6 Model 78 Stepping 3, GenuineIntel
TMP=C:\Users\NILTER~1\AppData\Local\Temp
TEMP=C:\Users\NILTER~1\AppData\Local\Temp



---------------  S Y S T E M  ---------------

OS:
 Windows 10 , 64 bit Build 19041 (10.0.19041.3393)
OS uptime: 0 days 3:51 hours

CPU: total 4 (initial active 4) (2 cores per cpu, 2 threads per core) family 6 model 78 stepping 3 microcode 0xcc, cx8, cmov, fxsr, ht, mmx, 3dnowpref, sse, sse2, sse3, ssse3, sse4.1, sse4.2, popcnt, lzcnt, tsc, tscinvbit, avx, avx2, aes, erms, clmul, bmi1, bmi2, rtm, adx, fma, vzeroupper, clflush, clflushopt
Processor Information for all 4 processors :
  Max Mhz: 2301, Current Mhz: 2300, Mhz Limit: 2277

Memory: 4k page, system-wide physical 3976M (303M free)
TotalPageFile size 10121M (AvailPageFile size 12M)
current process WorkingSet (physical memory assigned to process): 63M, peak: 215M
current process commit charge ("private bytes"): 245M, peak: 249M

vm_info: OpenJDK 64-Bit Server VM (17.0.8.1+1) for windows-amd64 JRE (17.0.8.1+1), built on Aug 23 2023 15:29:17 by "admin" with MS VC++ 16.7 (VS2019)

END.
